<?xml version="1.0" encoding="utf-8" standalone="no"?>
<test-run id="0" runstate="Runnable" testcasecount="41" result="Passed" total="41" passed="41" failed="0" inconclusive="0" skipped="0" asserts="643" engine-version="3.11.1.0" clr-version="4.0.30319.42000" start-time="2020-09-24 02:34:24Z" end-time="2020-09-24 02:34:27Z" duration="3.506112">
  <command-line><![CDATA[.\testrunner\NUnit.ConsoleRunner\tools\nunit3-console.exe  Bin\Puerts.UnitTest.dll]]></command-line>
  <test-suite type="Assembly" id="0-1045" name="Puerts.UnitTest.dll" fullname="E:\puerts\unity\general\Bin\Puerts.UnitTest.dll" runstate="Runnable" testcasecount="41" result="Passed" start-time="2020-09-24 02:34:26Z" end-time="2020-09-24 02:34:27Z" duration="1.120013" total="41" passed="41" failed="0" warnings="0" inconclusive="0" skipped="0" asserts="643">
    <environment framework-version="3.12.0.0" clr-version="4.0.30319.42000" os-version="Microsoft Windows NT 10.0.18363.0" platform="Win32NT" cwd="E:\puerts\unity\general" machine-name="johnche-NB5" user="johnche" user-domain="TENCENT" culture="zh-CN" uiculture="zh-CN" os-architecture="x64" />
    <settings>
      <setting name="DisposeRunners" value="True" />
      <setting name="WorkDirectory" value="E:\puerts\unity\general" />
      <setting name="ImageRuntimeVersion" value="4.0.30319" />
      <setting name="ImageTargetFrameworkName" value=".NETFramework,Version=v4.0" />
      <setting name="ImageRequiresX86" value="False" />
      <setting name="ImageRequiresDefaultAppDomainAssemblyResolver" value="False" />
      <setting name="RuntimeFramework" value="net-4.0" />
      <setting name="NumberOfTestWorkers" value="12" />
    </settings>
    <properties>
      <property name="_PID" value="3276" />
      <property name="_APPDOMAIN" value="domain-" />
    </properties>
    <test-suite type="TestSuite" id="0-1046" name="Puerts" fullname="Puerts" runstate="Runnable" testcasecount="41" result="Passed" start-time="2020-09-24 02:34:26Z" end-time="2020-09-24 02:34:27Z" duration="1.100453" total="41" passed="41" failed="0" warnings="0" inconclusive="0" skipped="0" asserts="643">
      <test-suite type="TestSuite" id="0-1047" name="UnitTest" fullname="Puerts.UnitTest" runstate="Runnable" testcasecount="41" result="Passed" start-time="2020-09-24 02:34:26Z" end-time="2020-09-24 02:34:27Z" duration="1.100006" total="41" passed="41" failed="0" warnings="0" inconclusive="0" skipped="0" asserts="643">
        <test-suite type="TestFixture" id="0-1000" name="ArrayBufferTest" fullname="Puerts.UnitTest.ArrayBufferTest" classname="Puerts.UnitTest.ArrayBufferTest" runstate="Runnable" testcasecount="6" result="Passed" start-time="2020-09-24 02:34:26Z" end-time="2020-09-24 02:34:27Z" duration="0.810203" total="6" passed="6" failed="0" warnings="0" inconclusive="0" skipped="0" asserts="6">
          <test-case id="0-1001" name="Test1" fullname="Puerts.UnitTest.ArrayBufferTest.Test1" methodname="Test1" classname="Puerts.UnitTest.ArrayBufferTest" runstate="Runnable" seed="1946183136" result="Passed" start-time="2020-09-24 02:34:26Z" end-time="2020-09-24 02:34:27Z" duration="0.770669" asserts="1" />
          <test-case id="0-1002" name="Test2" fullname="Puerts.UnitTest.ArrayBufferTest.Test2" methodname="Test2" classname="Puerts.UnitTest.ArrayBufferTest" runstate="Runnable" seed="1906154470" result="Passed" start-time="2020-09-24 02:34:27Z" end-time="2020-09-24 02:34:27Z" duration="0.006317" asserts="1" />
          <test-case id="0-1003" name="Test3" fullname="Puerts.UnitTest.ArrayBufferTest.Test3" methodname="Test3" classname="Puerts.UnitTest.ArrayBufferTest" runstate="Runnable" seed="1918164465" result="Passed" start-time="2020-09-24 02:34:27Z" end-time="2020-09-24 02:34:27Z" duration="0.006031" asserts="1" />
          <test-case id="0-1004" name="Test4" fullname="Puerts.UnitTest.ArrayBufferTest.Test4" methodname="Test4" classname="Puerts.UnitTest.ArrayBufferTest" runstate="Runnable" seed="1421851798" result="Passed" start-time="2020-09-24 02:34:27Z" end-time="2020-09-24 02:34:27Z" duration="0.005093" asserts="1" />
          <test-case id="0-1005" name="Test5" fullname="Puerts.UnitTest.ArrayBufferTest.Test5" methodname="Test5" classname="Puerts.UnitTest.ArrayBufferTest" runstate="Runnable" seed="1585354925" result="Passed" start-time="2020-09-24 02:34:27Z" end-time="2020-09-24 02:34:27Z" duration="0.005439" asserts="1" />
          <test-case id="0-1006" name="Test6" fullname="Puerts.UnitTest.ArrayBufferTest.Test6" methodname="Test6" classname="Puerts.UnitTest.ArrayBufferTest" runstate="Runnable" seed="1103683622" result="Passed" start-time="2020-09-24 02:34:27Z" end-time="2020-09-24 02:34:27Z" duration="0.006658" asserts="1" />
        </test-suite>
        <test-suite type="TestFixture" id="0-1007" name="OptionalParametersTest" fullname="Puerts.UnitTest.OptionalParametersTest" classname="Puerts.UnitTest.OptionalParametersTest" runstate="Runnable" testcasecount="23" result="Passed" start-time="2020-09-24 02:34:27Z" end-time="2020-09-24 02:34:27Z" duration="0.164155" total="23" passed="23" failed="0" warnings="0" inconclusive="0" skipped="0" asserts="23">
          <test-case id="0-1019" name="ReflectTest1" fullname="Puerts.UnitTest.OptionalParametersTest.ReflectTest1" methodname="ReflectTest1" classname="Puerts.UnitTest.OptionalParametersTest" runstate="Runnable" seed="1030855732" result="Passed" start-time="2020-09-24 02:34:27Z" end-time="2020-09-24 02:34:27Z" duration="0.006297" asserts="1" />
          <test-case id="0-1028" name="ReflectTest10" fullname="Puerts.UnitTest.OptionalParametersTest.ReflectTest10" methodname="ReflectTest10" classname="Puerts.UnitTest.OptionalParametersTest" runstate="Runnable" seed="1483074621" result="Passed" start-time="2020-09-24 02:34:27Z" end-time="2020-09-24 02:34:27Z" duration="0.006504" asserts="1" />
          <test-case id="0-1029" name="ReflectTest11" fullname="Puerts.UnitTest.OptionalParametersTest.ReflectTest11" methodname="ReflectTest11" classname="Puerts.UnitTest.OptionalParametersTest" runstate="Runnable" seed="1967444536" result="Passed" start-time="2020-09-24 02:34:27Z" end-time="2020-09-24 02:34:27Z" duration="0.037948" asserts="1" />
          <test-case id="0-1030" name="ReflectTest12" fullname="Puerts.UnitTest.OptionalParametersTest.ReflectTest12" methodname="ReflectTest12" classname="Puerts.UnitTest.OptionalParametersTest" runstate="Runnable" seed="1890773380" result="Passed" start-time="2020-09-24 02:34:27Z" end-time="2020-09-24 02:34:27Z" duration="0.005382" asserts="1" />
          <test-case id="0-1020" name="ReflectTest2" fullname="Puerts.UnitTest.OptionalParametersTest.ReflectTest2" methodname="ReflectTest2" classname="Puerts.UnitTest.OptionalParametersTest" runstate="Runnable" seed="1762453613" result="Passed" start-time="2020-09-24 02:34:27Z" end-time="2020-09-24 02:34:27Z" duration="0.004990" asserts="1" />
          <test-case id="0-1021" name="ReflectTest3" fullname="Puerts.UnitTest.OptionalParametersTest.ReflectTest3" methodname="ReflectTest3" classname="Puerts.UnitTest.OptionalParametersTest" runstate="Runnable" seed="640443788" result="Passed" start-time="2020-09-24 02:34:27Z" end-time="2020-09-24 02:34:27Z" duration="0.005489" asserts="1" />
          <test-case id="0-1022" name="ReflectTest4" fullname="Puerts.UnitTest.OptionalParametersTest.ReflectTest4" methodname="ReflectTest4" classname="Puerts.UnitTest.OptionalParametersTest" runstate="Runnable" seed="2014721167" result="Passed" start-time="2020-09-24 02:34:27Z" end-time="2020-09-24 02:34:27Z" duration="0.005385" asserts="1" />
          <test-case id="0-1023" name="ReflectTest5" fullname="Puerts.UnitTest.OptionalParametersTest.ReflectTest5" methodname="ReflectTest5" classname="Puerts.UnitTest.OptionalParametersTest" runstate="Runnable" seed="1076059662" result="Passed" start-time="2020-09-24 02:34:27Z" end-time="2020-09-24 02:34:27Z" duration="0.005251" asserts="1" />
          <test-case id="0-1024" name="ReflectTest6" fullname="Puerts.UnitTest.OptionalParametersTest.ReflectTest6" methodname="ReflectTest6" classname="Puerts.UnitTest.OptionalParametersTest" runstate="Runnable" seed="1852891987" result="Passed" start-time="2020-09-24 02:34:27Z" end-time="2020-09-24 02:34:27Z" duration="0.005261" asserts="1" />
          <test-case id="0-1025" name="ReflectTest7" fullname="Puerts.UnitTest.OptionalParametersTest.ReflectTest7" methodname="ReflectTest7" classname="Puerts.UnitTest.OptionalParametersTest" runstate="Runnable" seed="419463001" result="Passed" start-time="2020-09-24 02:34:27Z" end-time="2020-09-24 02:34:27Z" duration="0.005963" asserts="1" />
          <test-case id="0-1026" name="ReflectTest8" fullname="Puerts.UnitTest.OptionalParametersTest.ReflectTest8" methodname="ReflectTest8" classname="Puerts.UnitTest.OptionalParametersTest" runstate="Runnable" seed="828235514" result="Passed" start-time="2020-09-24 02:34:27Z" end-time="2020-09-24 02:34:27Z" duration="0.005552" asserts="1" />
          <test-case id="0-1027" name="ReflectTest9" fullname="Puerts.UnitTest.OptionalParametersTest.ReflectTest9" methodname="ReflectTest9" classname="Puerts.UnitTest.OptionalParametersTest" runstate="Runnable" seed="65569319" result="Passed" start-time="2020-09-24 02:34:27Z" end-time="2020-09-24 02:34:27Z" duration="0.007395" asserts="1" />
          <test-case id="0-1008" name="WarpTest1" fullname="Puerts.UnitTest.OptionalParametersTest.WarpTest1" methodname="WarpTest1" classname="Puerts.UnitTest.OptionalParametersTest" runstate="Runnable" seed="2126439891" result="Passed" start-time="2020-09-24 02:34:27Z" end-time="2020-09-24 02:34:27Z" duration="0.008320" asserts="1" />
          <test-case id="0-1016" name="WarpTest10" fullname="Puerts.UnitTest.OptionalParametersTest.WarpTest10" methodname="WarpTest10" classname="Puerts.UnitTest.OptionalParametersTest" runstate="Runnable" seed="566292861" result="Passed" start-time="2020-09-24 02:34:27Z" end-time="2020-09-24 02:34:27Z" duration="0.005186" asserts="1" />
          <test-case id="0-1017" name="WarpTest11" fullname="Puerts.UnitTest.OptionalParametersTest.WarpTest11" methodname="WarpTest11" classname="Puerts.UnitTest.OptionalParametersTest" runstate="Runnable" seed="209270224" result="Passed" start-time="2020-09-24 02:34:27Z" end-time="2020-09-24 02:34:27Z" duration="0.005393" asserts="1" />
          <test-case id="0-1018" name="WarpTest12" fullname="Puerts.UnitTest.OptionalParametersTest.WarpTest12" methodname="WarpTest12" classname="Puerts.UnitTest.OptionalParametersTest" runstate="Runnable" seed="32365360" result="Passed" start-time="2020-09-24 02:34:27Z" end-time="2020-09-24 02:34:27Z" duration="0.004729" asserts="1" />
          <test-case id="0-1009" name="WarpTest2" fullname="Puerts.UnitTest.OptionalParametersTest.WarpTest2" methodname="WarpTest2" classname="Puerts.UnitTest.OptionalParametersTest" runstate="Runnable" seed="766676749" result="Passed" start-time="2020-09-24 02:34:27Z" end-time="2020-09-24 02:34:27Z" duration="0.005132" asserts="1" />
          <test-case id="0-1010" name="WarpTest3" fullname="Puerts.UnitTest.OptionalParametersTest.WarpTest3" methodname="WarpTest3" classname="Puerts.UnitTest.OptionalParametersTest" runstate="Runnable" seed="1382371995" result="Passed" start-time="2020-09-24 02:34:27Z" end-time="2020-09-24 02:34:27Z" duration="0.006221" asserts="1" />
          <test-case id="0-1011" name="WarpTest4" fullname="Puerts.UnitTest.OptionalParametersTest.WarpTest4" methodname="WarpTest4" classname="Puerts.UnitTest.OptionalParametersTest" runstate="Runnable" seed="862473061" result="Passed" start-time="2020-09-24 02:34:27Z" end-time="2020-09-24 02:34:27Z" duration="0.005053" asserts="1" />
          <test-case id="0-1012" name="WarpTest5" fullname="Puerts.UnitTest.OptionalParametersTest.WarpTest5" methodname="WarpTest5" classname="Puerts.UnitTest.OptionalParametersTest" runstate="Runnable" seed="691111864" result="Passed" start-time="2020-09-24 02:34:27Z" end-time="2020-09-24 02:34:27Z" duration="0.005801" asserts="1" />
          <test-case id="0-1013" name="WarpTest6" fullname="Puerts.UnitTest.OptionalParametersTest.WarpTest6" methodname="WarpTest6" classname="Puerts.UnitTest.OptionalParametersTest" runstate="Runnable" seed="1548152627" result="Passed" start-time="2020-09-24 02:34:27Z" end-time="2020-09-24 02:34:27Z" duration="0.005159" asserts="1" />
          <test-case id="0-1014" name="WarpTest7" fullname="Puerts.UnitTest.OptionalParametersTest.WarpTest7" methodname="WarpTest7" classname="Puerts.UnitTest.OptionalParametersTest" runstate="Runnable" seed="867329179" result="Passed" start-time="2020-09-24 02:34:27Z" end-time="2020-09-24 02:34:27Z" duration="0.006380" asserts="1" />
          <test-case id="0-1015" name="WarpTest8" fullname="Puerts.UnitTest.OptionalParametersTest.WarpTest8" methodname="WarpTest8" classname="Puerts.UnitTest.OptionalParametersTest" runstate="Runnable" seed="1325369418" result="Passed" start-time="2020-09-24 02:34:27Z" end-time="2020-09-24 02:34:27Z" duration="0.004748" asserts="1" />
        </test-suite>
        <test-suite type="TestFixture" id="0-1038" name="PuertsTest" fullname="Puerts.UnitTest.PuertsTest" classname="Puerts.UnitTest.PuertsTest" runstate="Runnable" testcasecount="6" result="Passed" start-time="2020-09-24 02:34:27Z" end-time="2020-09-24 02:34:27Z" duration="0.077939" total="6" passed="6" failed="0" warnings="0" inconclusive="0" skipped="0" asserts="10">
          <test-case id="0-1043" name="Array" fullname="Puerts.UnitTest.PuertsTest.Array" methodname="Array" classname="Puerts.UnitTest.PuertsTest" runstate="Runnable" seed="634877936" result="Passed" start-time="2020-09-24 02:34:27Z" end-time="2020-09-24 02:34:27Z" duration="0.009488" asserts="1" />
          <test-case id="0-1039" name="BaseTest" fullname="Puerts.UnitTest.PuertsTest.BaseTest" methodname="BaseTest" classname="Puerts.UnitTest.PuertsTest" runstate="Runnable" seed="1213698036" result="Passed" start-time="2020-09-24 02:34:27Z" end-time="2020-09-24 02:34:27Z" duration="0.009208" asserts="1" />
          <test-case id="0-1042" name="GenericDelegate" fullname="Puerts.UnitTest.PuertsTest.GenericDelegate" methodname="GenericDelegate" classname="Puerts.UnitTest.PuertsTest" runstate="Runnable" seed="1959495399" result="Passed" start-time="2020-09-24 02:34:27Z" end-time="2020-09-24 02:34:27Z" duration="0.009260" asserts="3" />
          <test-case id="0-1044" name="Long" fullname="Puerts.UnitTest.PuertsTest.Long" methodname="Long" classname="Puerts.UnitTest.PuertsTest" runstate="Runnable" seed="1792339984" result="Passed" start-time="2020-09-24 02:34:27Z" end-time="2020-09-24 02:34:27Z" duration="0.029902" asserts="3" />
          <test-case id="0-1040" name="NestTypeTest" fullname="Puerts.UnitTest.PuertsTest.NestTypeTest" methodname="NestTypeTest" classname="Puerts.UnitTest.PuertsTest" runstate="Runnable" seed="440647807" result="Passed" start-time="2020-09-24 02:34:27Z" end-time="2020-09-24 02:34:27Z" duration="0.008536" asserts="1" />
          <test-case id="0-1041" name="NullString" fullname="Puerts.UnitTest.PuertsTest.NullString" methodname="NullString" classname="Puerts.UnitTest.PuertsTest" runstate="Runnable" seed="468323314" result="Passed" start-time="2020-09-24 02:34:27Z" end-time="2020-09-24 02:34:27Z" duration="0.007677" asserts="1" />
        </test-suite>
        <test-suite type="TestFixture" id="0-1031" name="TimerTest" fullname="Puerts.UnitTest.TimerTest" classname="Puerts.UnitTest.TimerTest" runstate="Runnable" testcasecount="6" result="Passed" start-time="2020-09-24 02:34:27Z" end-time="2020-09-24 02:34:27Z" duration="0.041333" total="6" passed="6" failed="0" warnings="0" inconclusive="0" skipped="0" asserts="604">
          <test-case id="0-1033" name="SetIntervalTest" fullname="Puerts.UnitTest.TimerTest.SetIntervalTest" methodname="SetIntervalTest" classname="Puerts.UnitTest.TimerTest" runstate="Runnable" seed="1786480937" result="Passed" start-time="2020-09-24 02:34:27Z" end-time="2020-09-24 02:34:27Z" duration="0.007439" asserts="100" />
          <test-case id="0-1034" name="SetIntervalTest2" fullname="Puerts.UnitTest.TimerTest.SetIntervalTest2" methodname="SetIntervalTest2" classname="Puerts.UnitTest.TimerTest" runstate="Runnable" seed="870243797" result="Passed" start-time="2020-09-24 02:34:27Z" end-time="2020-09-24 02:34:27Z" duration="0.006482" asserts="200" />
          <test-case id="0-1032" name="SetTimeoutTest" fullname="Puerts.UnitTest.TimerTest.SetTimeoutTest" methodname="SetTimeoutTest" classname="Puerts.UnitTest.TimerTest" runstate="Runnable" seed="1345294560" result="Passed" start-time="2020-09-24 02:34:27Z" end-time="2020-09-24 02:34:27Z" duration="0.006068" asserts="3" />
          <test-case id="0-1035" name="TimerTest2" fullname="Puerts.UnitTest.TimerTest.TimerTest2" methodname="TimerTest2" classname="Puerts.UnitTest.TimerTest" runstate="Runnable" seed="1049828745" result="Passed" start-time="2020-09-24 02:34:27Z" end-time="2020-09-24 02:34:27Z" duration="0.006426" asserts="100" />
          <test-case id="0-1036" name="TimerTest3" fullname="Puerts.UnitTest.TimerTest.TimerTest3" methodname="TimerTest3" classname="Puerts.UnitTest.TimerTest" runstate="Runnable" seed="2063457430" result="Passed" start-time="2020-09-24 02:34:27Z" end-time="2020-09-24 02:34:27Z" duration="0.008611" asserts="101" />
          <test-case id="0-1037" name="TimerTest4" fullname="Puerts.UnitTest.TimerTest.TimerTest4" methodname="TimerTest4" classname="Puerts.UnitTest.TimerTest" runstate="Runnable" seed="1172497905" result="Passed" start-time="2020-09-24 02:34:27Z" end-time="2020-09-24 02:34:27Z" duration="0.006024" asserts="100" />
        </test-suite>
      </test-suite>
    </test-suite>
  </test-suite>
</test-run>